This file contains any messages produced by compilers while
running CMake, to aid debugging if configure makes a mistake.

It was created by tsid CMake configuration process 1.2.0-3-gf795-dirty, which was
generated by CMake 3.5.1.

## --------- ##
## Platform. ##
## --------- ##

hostname = tfochesato-HP-ProBook-650-G2
system = Linux-4.15.0-51-generic
processor = x86_64
generator = Unix Makefiles

PATH /opt/openrobots/bin
PATH /opt/ros/kinetic/bin
PATH /home/tfochesato/bin
PATH /home/tfochesato/.local/bin
PATH /usr/local/sbin
PATH /usr/local/bin
PATH /usr/sbin
PATH /usr/bin
PATH /sbin
PATH /bin
PATH /usr/games
PATH /usr/local/games
PATH /snap/bin

PKG_CONFIG_PATH /opt/openrobots/lib/pkgconfig
PKG_CONFIG_PATH /opt/ros/kinetic/lib/pkgconfig
PKG_CONFIG_PATH /opt/ros/kinetic/lib/x86_64-linux-gnu/pkgconfig

## ---------------- ##
## CMake variables. ##
## ---------------- ##

CMAKE_ROOT = /usr/share/cmake-3.5
CMAKE_INCLUDE_PATH = 
CMAKE_LIBRARY_PATH = 
CMAKE_PREFIX_PATH = /opt/openrobots/src/tsid/_build-RELEASE/devel;/opt/ros/kinetic
CMAKE_INSTALL_ALWAYS = 
CMAKE_SKIP_RPATH = NO
CMAKE_SUPPRESS_REGENERATION = 
BUILD_SHARED_LIBS = ON

CMAKE_INSTALL_PREFIX = /openrobots
PROJECT_SOURCE_DIR = /opt/openrobots/src/tsid
PROJECT_SOURCE_DIR = /opt/openrobots/src/tsid
PROJECT_BINARY_DIR = /opt/openrobots/src/tsid/_build-RELEASE
CMAKE_BINARY_DIR = /opt/openrobots/src/tsid/_build-RELEASE

CMAKE_AR = /usr/bin/ar
CMAKE_RANLIB = /usr/bin/ranlib
CMAKE_BUILD_TYPE = RELEASE
CMAKE_CONFIGURATION_TYPES = 
CMAKE_SHARED_LINKER_FLAGS = 

CMAKE_C_COMPILER = /usr/bin/cc
CMAKE_C_FLAGS = 
CMAKE_C_FLAGS_DEBUG = -g
CMAKE_C_FLAGS_RELEASE = -O3 -DNDEBUG
CMAKE_CXX_COMPILER = /usr/bin/c++
CMAKE_CXX_FLAGS =  -pedantic -Wno-long-long -Wall -Wextra -Wcast-align -Wcast-qual -Wformat -Wwrite-strings -Wconversion 
CMAKE_CXX_FLAGS_DEBUG = -g
CMAKE_CXX_FLAGS_RELEASE = -O3 -DNDEBUG
CMAKE_CXX_FLAGS_RELWITHDEBINFO = -O2 -g -DNDEBUG

CMAKE_STATIC_LIBRARY_PREFIX = lib
CMAKE_STATIC_LIBRARY_SUFFIX = .a
CMAKE_SHARED_LIBRARY_PREFIX = lib
CMAKE_SHARED_LIBRARY_SUFFIX = .so
CMAKE_SHARED_MODULE_PREFIX = lib
CMAKE_SHARED_MODULE_SUFFIX = .so

## ------------------ ##
## Watched variables. ##
## ------------------ ##

WARNING_CXX_FLAGS =  -pedantic -Wno-long-long -Wall -Wextra -Wcast-align -Wcast-qual -Wformat -Wwrite-strings -Wconversion
_PKG_CONFIG_FOUND = undefined
PKG_CONFIG_EXECUTABLE = /usr/bin/pkg-config
_PKG_CONFIG_PREFIX = /openrobots
_PKG_CONFIG_EXEC_PREFIX = /openrobots
_PKG_CONFIG_LIBDIR = /openrobots/lib
_PKG_CONFIG_BINDIR = /openrobots/bin
_PKG_CONFIG_PKGLIBDIR = /openrobots/lib/tsid
_PKG_CONFIG_INCLUDEDIR = /openrobots/include
_PKG_CONFIG_DATAROOTDIR = /openrobots/share
_PKG_CONFIG_PKGDATAROOTDIR = /openrobots/share
_PKG_CONFIG_DOCDIR = 
_PKG_CONFIG_DOXYGENDOCDIR = 
_PKG_CONFIG_PROJECT_NAME = tsid
_PKG_CONFIG_DESCRIPTION = Efficient Task Space Inverse Dynamics for Multi-body Systems based on Pinocchio
_PKG_CONFIG_URL = http://github.com/stack-of-tasks/tsid
_PKG_CONFIG_VERSION = 1.2.0-3-gf795-dirty
_PKG_CONFIG_REQUIRES = eigen3 >= 3.2.0, pinocchio >= 2.0.0, eigenpy >= 1.4.0
_PKG_CONFIG_REQUIRES_DEBUG = 
_PKG_CONFIG_REQUIRES_OPTIMIZED = 
_PKG_CONFIG_COMPILE_TIME_REQUIRES = 
_PKG_CONFIG_CONFLICTS = 
_PKG_CONFIG_LIBS =  -ltsid
_PKG_CONFIG_LIBS_DEBUG = -L${libdir}
_PKG_CONFIG_LIBS_OPTIMIZED = -L${libdir}
_PKG_CONFIG_LIBS_PRIVATE = 
_PKG_CONFIG_CFLAGS = -I${includedir} -I/usr/include
_PKG_CONFIG_CFLAGS_DEBUG = 
_PKG_CONFIG_CFLAGS_OPTIMIZED = 
PKG_CONFIG_EXTRA = 
EIGEN3_FOUND = 1
EIGEN3_LIBRARIES = 
EIGEN3_LIBRARY_DIRS = 
EIGEN3_LDFLAGS = 
EIGEN3_LDFLAGS_OTHER = 
EIGEN3_INCLUDE_DIRS = /usr/include/eigen3
EIGEN3_CFLAGS = -I/usr/include/eigen3
EIGEN3_CFLAGS_OTHER = 
EIGEN3 = undefined
EIGEN3_STATIC = undefined
EIGEN3_VERSION = 3.2.92
EIGEN3_PREFIX = /usr
EIGEN3_INCLUDEDIR = 
EIGEN3_LIBDIR = 
EIGEN3_PKGLIBDIR = 
EIGEN3_BINDIR = 
EIGEN3_DATAROOTDIR = 
EIGEN3_PKGDATAROOTDIR = 
EIGEN3_DOCDIR = 
EIGEN3_DOXYGENDOCDIR = 
PINOCCHIO_FOUND = 1
PINOCCHIO_LIBRARIES = pinocchio;boost_filesystem;boost_serialization;boost_system;urdfdom_sensor;urdfdom_model_state;urdfdom_model;urdfdom_world;console_bridge;hpp-fcl;boost_thread;boost_date_time;boost_filesystem;boost_system;octomap;octomath;assimp
PINOCCHIO_LIBRARY_DIRS = /opt/openrobots/lib
PINOCCHIO_LDFLAGS = -L/opt/openrobots/lib;-Wl,-rpath,/opt/openrobots/lib;-lpinocchio;-Wl,-rpath,/usr/lib/x86_64-linux-gnu;-lboost_filesystem;-lboost_serialization;-lboost_system;-lurdfdom_sensor;-lurdfdom_model_state;-lurdfdom_model;-lurdfdom_world;-lconsole_bridge;-Wl,-rpath,/opt/openrobots/lib;-lhpp-fcl;-lboost_thread;-lboost_date_time;-lboost_filesystem;-lboost_system;-loctomap;-loctomath;-lassimp
PINOCCHIO_LDFLAGS_OTHER = -Wl,-rpath,/opt/openrobots/lib;-Wl,-rpath,/usr/lib/x86_64-linux-gnu;-Wl,-rpath,/opt/openrobots/lib
PINOCCHIO_INCLUDE_DIRS = /opt/openrobots/include;/usr/include/assimp;/usr/include/eigen3
PINOCCHIO_CFLAGS = -DPINOCCHIO_URDFDOM_TYPEDEF_SHARED_PTR;-DPINOCCHIO_WITH_URDFDOM;-DPINOCCHIO_WITH_HPP_FCL;-DFCL_USE_ASSIMP_UNIFIED_HEADER_NAMES;-DHPP_FCL_USE_ASSIMP_UNIFIED_HEADER_NAMES;-DHPP_FCL_HAVE_OCTOMAP;-DFCL_HAVE_OCTOMAP;-DOCTOMAP_MAJOR_VERSION=1;-DOCTOMAP_MINOR_VERSION=9;-DOCTOMAP_PATCH_VERSION=0;-I/opt/openrobots/include;-I/usr/include/assimp;-I/usr/include/eigen3
PINOCCHIO_CFLAGS_OTHER = -DPINOCCHIO_URDFDOM_TYPEDEF_SHARED_PTR;-DPINOCCHIO_WITH_URDFDOM;-DPINOCCHIO_WITH_HPP_FCL;-DFCL_USE_ASSIMP_UNIFIED_HEADER_NAMES;-DHPP_FCL_USE_ASSIMP_UNIFIED_HEADER_NAMES;-DHPP_FCL_HAVE_OCTOMAP;-DFCL_HAVE_OCTOMAP;-DOCTOMAP_MAJOR_VERSION=1;-DOCTOMAP_MINOR_VERSION=9;-DOCTOMAP_PATCH_VERSION=0
PINOCCHIO = undefined
PINOCCHIO_STATIC = undefined
PINOCCHIO_VERSION = 2.1.3
PINOCCHIO_PREFIX = /opt/openrobots
PINOCCHIO_INCLUDEDIR = /opt/openrobots/include
PINOCCHIO_LIBDIR = /opt/openrobots/lib
PINOCCHIO_PKGLIBDIR = /opt/openrobots/lib/pinocchio
PINOCCHIO_BINDIR = /opt/openrobots/bin
PINOCCHIO_DATAROOTDIR = /opt/openrobots/share
PINOCCHIO_PKGDATAROOTDIR = /opt/openrobots/share
PINOCCHIO_DOCDIR = 
PINOCCHIO_DOXYGENDOCDIR = 
PYTHONINTERP_FOUND = TRUE
PYTHONLIBS_FOUND = TRUE
PYTHON_LIBRARY_DIRS = /usr/lib/x86_64-linux-gnu
PYTHONLIBS_VERSION_STRING = 2.7.12
PYTHON_EXECUTABLE = /usr/bin/python
PYTHON_SOABI = 
EIGENPY_FOUND = 1
EIGENPY_LIBRARIES = eigenpy;boost_python-py27
EIGENPY_LIBRARY_DIRS = /opt/openrobots/lib
EIGENPY_LDFLAGS = -L/opt/openrobots/lib;-Wl,-rpath,/opt/openrobots/lib;-leigenpy;-Wl,-rpath,/usr/lib/x86_64-linux-gnu;-lboost_python-py27
EIGENPY_LDFLAGS_OTHER = -Wl,-rpath,/opt/openrobots/lib;-Wl,-rpath,/usr/lib/x86_64-linux-gnu
EIGENPY_INCLUDE_DIRS = /opt/openrobots/include;/usr/include/eigen3
EIGENPY_CFLAGS = -isystem/usr/include/python2.7;-isystem/usr/lib/python2.7/dist-packages/numpy/core/include;-I/opt/openrobots/include;-I/usr/include/eigen3
EIGENPY_CFLAGS_OTHER = -isystem/usr/include/python2.7;-isystem/usr/lib/python2.7/dist-packages/numpy/core/include
EIGENPY = undefined
EIGENPY_STATIC = undefined
EIGENPY_VERSION = 1.5.1
EIGENPY_PREFIX = /opt/openrobots
EIGENPY_INCLUDEDIR = /opt/openrobots/include
EIGENPY_LIBDIR = /opt/openrobots/lib
EIGENPY_PKGLIBDIR = /opt/openrobots/lib/eigenpy
EIGENPY_BINDIR = /opt/openrobots/bin
EIGENPY_DATAROOTDIR = /opt/openrobots/share
EIGENPY_PKGDATAROOTDIR = /opt/openrobots/share
EIGENPY_DOCDIR = 
EIGENPY_DOXYGENDOCDIR = 
Boost_USE_MULTITHREADED = TRUE
Boost_USE_STATIC_LIBS = OFF
Boost_ADDITIONAL_VERSIONS = undefined
Boost_DEBUG = undefined
Boost_COMPILER = undefined
BOOST_ROOT = undefined
BOOSTROOT = undefined
BOOST_INCLUDEDIR = undefined
BOOST_LIBRARYDIR = undefined
Boost_FOUND = 1
Boost_INCLUDE_DIRS = /usr/include
Boost_INCLUDE_DIR = /usr/include
Boost_LIBRARIES = /usr/lib/x86_64-linux-gnu/libboost_filesystem.so;/usr/lib/x86_64-linux-gnu/libboost_system.so;/usr/lib/x86_64-linux-gnu/libboost_unit_test_framework.so
Boost_LIBRARY_DIRS = /usr/lib/x86_64-linux-gnu
Boost_VERSION = 105800
Boost_LIB_VERSION = 1_58
Boost_MAJOR_VERSION = 1
Boost_MINOR_VERSION = 58
Boost_SUBMINOR_VERSION = 0
Boost_LIB_DIAGNOSTIC_DEFINITIONS = undefined
Boost_FILESYSTEM_FOUND = ON
Boost_FILESYSTEM_LIBRARY = /usr/lib/x86_64-linux-gnu/libboost_filesystem.so
Boost_FILESYSTEM_LIBRARY_DEBUG = /usr/lib/x86_64-linux-gnu/libboost_filesystem.so
Boost_FILESYSTEM_LIBRARY_RELEASE = /usr/lib/x86_64-linux-gnu/libboost_filesystem.so
Boost_SYSTEM_FOUND = ON
Boost_SYSTEM_LIBRARY = /usr/lib/x86_64-linux-gnu/libboost_system.so
Boost_SYSTEM_LIBRARY_DEBUG = /usr/lib/x86_64-linux-gnu/libboost_system.so
Boost_SYSTEM_LIBRARY_RELEASE = /usr/lib/x86_64-linux-gnu/libboost_system.so
Boost_PYTHON_FOUND = ON
Boost_PYTHON_LIBRARY = /usr/lib/x86_64-linux-gnu/libboost_python.so
Boost_PYTHON_LIBRARY_DEBUG = /usr/lib/x86_64-linux-gnu/libboost_python.so
Boost_PYTHON_LIBRARY_RELEASE = /usr/lib/x86_64-linux-gnu/libboost_python.so
python_comp_pos = -1
Boost_UNIT_TEST_FRAMEWORK_FOUND = ON
Boost_UNIT_TEST_FRAMEWORK_LIBRARY = /usr/lib/x86_64-linux-gnu/libboost_unit_test_framework.so
Boost_UNIT_TEST_FRAMEWORK_LIBRARY_DEBUG = /usr/lib/x86_64-linux-gnu/libboost_unit_test_framework.so
Boost_UNIT_TEST_FRAMEWORK_LIBRARY_RELEASE = /usr/lib/x86_64-linux-gnu/libboost_unit_test_framework.so
## ---------------- ##
## Watched targets. ##
## ---------------- ##

