Determining if the pthread_create exist failed with the following output:
Change Dir: /opt/openrobots/src/tsid/_build-RELEASE/CMakeFiles/CMakeTmp

Run Build Command:"/usr/bin/make" "cmTC_f8f12/fast"
/usr/bin/make -f CMakeFiles/cmTC_f8f12.dir/build.make CMakeFiles/cmTC_f8f12.dir/build
make[1]: Entering directory '/opt/openrobots/src/tsid/_build-RELEASE/CMakeFiles/CMakeTmp'
Building C object CMakeFiles/cmTC_f8f12.dir/CheckSymbolExists.c.o
/usr/bin/cc     -o CMakeFiles/cmTC_f8f12.dir/CheckSymbolExists.c.o   -c /opt/openrobots/src/tsid/_build-RELEASE/CMakeFiles/CMakeTmp/CheckSymbolExists.c
Linking C executable cmTC_f8f12
/usr/bin/cmake -E cmake_link_script CMakeFiles/cmTC_f8f12.dir/link.txt --verbose=1
/usr/bin/cc       CMakeFiles/cmTC_f8f12.dir/CheckSymbolExists.c.o  -o cmTC_f8f12 -rdynamic 
CMakeFiles/cmTC_f8f12.dir/CheckSymbolExists.c.o: In function `main':
CheckSymbolExists.c:(.text+0x16): undefined reference to `pthread_create'
collect2: error: ld returned 1 exit status
CMakeFiles/cmTC_f8f12.dir/build.make:97: recipe for target 'cmTC_f8f12' failed
make[1]: *** [cmTC_f8f12] Error 1
make[1]: Leaving directory '/opt/openrobots/src/tsid/_build-RELEASE/CMakeFiles/CMakeTmp'
Makefile:126: recipe for target 'cmTC_f8f12/fast' failed
make: *** [cmTC_f8f12/fast] Error 2

File /opt/openrobots/src/tsid/_build-RELEASE/CMakeFiles/CMakeTmp/CheckSymbolExists.c:
/* */
#include <pthread.h>

int main(int argc, char** argv)
{
  (void)argv;
#ifndef pthread_create
  return ((int*)(&pthread_create))[argc];
#else
  (void)argc;
  return 0;
#endif
}

Determining if the function pthread_create exists in the pthreads failed with the following output:
Change Dir: /opt/openrobots/src/tsid/_build-RELEASE/CMakeFiles/CMakeTmp

Run Build Command:"/usr/bin/make" "cmTC_bf9fc/fast"
/usr/bin/make -f CMakeFiles/cmTC_bf9fc.dir/build.make CMakeFiles/cmTC_bf9fc.dir/build
make[1]: Entering directory '/opt/openrobots/src/tsid/_build-RELEASE/CMakeFiles/CMakeTmp'
Building C object CMakeFiles/cmTC_bf9fc.dir/CheckFunctionExists.c.o
/usr/bin/cc    -DCHECK_FUNCTION_EXISTS=pthread_create   -o CMakeFiles/cmTC_bf9fc.dir/CheckFunctionExists.c.o   -c /usr/share/cmake-3.5/Modules/CheckFunctionExists.c
Linking C executable cmTC_bf9fc
/usr/bin/cmake -E cmake_link_script CMakeFiles/cmTC_bf9fc.dir/link.txt --verbose=1
/usr/bin/cc   -DCHECK_FUNCTION_EXISTS=pthread_create    CMakeFiles/cmTC_bf9fc.dir/CheckFunctionExists.c.o  -o cmTC_bf9fc -rdynamic -lpthreads 
/usr/bin/ld: cannot find -lpthreads
collect2: error: ld returned 1 exit status
CMakeFiles/cmTC_bf9fc.dir/build.make:97: recipe for target 'cmTC_bf9fc' failed
make[1]: *** [cmTC_bf9fc] Error 1
make[1]: Leaving directory '/opt/openrobots/src/tsid/_build-RELEASE/CMakeFiles/CMakeTmp'
Makefile:126: recipe for target 'cmTC_bf9fc/fast' failed
make: *** [cmTC_bf9fc/fast] Error 2


